TN:
SF:src/api.tsx
FN:1,(anonymous_0)
FN:2,(anonymous_1)
FN:7,(anonymous_2)
FN:8,(anonymous_3)
FN:9,(anonymous_4)
FNF:5
FNH:5
FNDA:1,(anonymous_0)
FNDA:1,(anonymous_1)
FNDA:3,(anonymous_2)
FNDA:3,(anonymous_3)
FNDA:2,(anonymous_4)
DA:1,1
DA:2,1
DA:3,1
DA:7,1
DA:8,3
DA:9,3
DA:10,2
LF:7
LH:7
BRF:0
BRH:0
end_of_record
TN:
SF:src/domUtils.tsx
FN:1,remove
FN:5,addEventListener
FNF:2
FNH:2
FNDA:1,remove
FNDA:1,addEventListener
DA:2,1
DA:6,1
LF:2
LH:2
BRF:0
BRH:0
end_of_record
TN:
SF:src/mock.tsx
FN:2,exec
FN:7,createInstance
FN:11,getUser
FN:16,delay
FN:17,(anonymous_4)
FNF:5
FNH:5
FNDA:1,exec
FNDA:1,createInstance
FNDA:1,getUser
FNDA:1,delay
FNDA:1,(anonymous_4)
DA:3,1
DA:4,1
DA:8,1
DA:12,1
DA:17,1
DA:18,1
LF:6
LH:6
BRF:0
BRH:0
end_of_record
